[2023-08-08 12:20:31Z INFO HostContext] No proxy settings were found based on environmental variables (http_proxy/https_proxy/HTTP_PROXY/HTTPS_PROXY)
[2023-08-08 12:20:31Z INFO HostContext] Well known directory 'Bin': '/home/saad/elinux/assignment-1-git-engrsaad/actions-runner/bin'
[2023-08-08 12:20:31Z INFO HostContext] Well known directory 'Root': '/home/saad/elinux/assignment-1-git-engrsaad/actions-runner'
[2023-08-08 12:20:31Z INFO HostContext] Well known config file 'Credentials': '/home/saad/elinux/assignment-1-git-engrsaad/actions-runner/.credentials'
[2023-08-08 12:20:31Z INFO HostContext] Well known directory 'Bin': '/home/saad/elinux/assignment-1-git-engrsaad/actions-runner/bin'
[2023-08-08 12:20:31Z INFO HostContext] Well known directory 'Root': '/home/saad/elinux/assignment-1-git-engrsaad/actions-runner'
[2023-08-08 12:20:31Z INFO HostContext] Well known config file 'Runner': '/home/saad/elinux/assignment-1-git-engrsaad/actions-runner/.runner'
[2023-08-08 12:20:31Z INFO Listener] Runner is built for Linux (X64) - linux-x64.
[2023-08-08 12:20:31Z INFO Listener] RuntimeInformation: Linux 5.15.0-78-generic #85~20.04.1-Ubuntu SMP Mon Jul 17 09:42:39 UTC 2023.
[2023-08-08 12:20:31Z INFO Listener] Version: 2.307.1
[2023-08-08 12:20:31Z INFO Listener] Commit: 2a7e9ad3a7574c9c3e72b8cf7cf2e19c129d2ca8
[2023-08-08 12:20:31Z INFO Listener] Culture: en-US
[2023-08-08 12:20:31Z INFO Listener] UI Culture: en-US
[2023-08-08 12:20:31Z INFO HostContext] Well known directory 'Bin': '/home/saad/elinux/assignment-1-git-engrsaad/actions-runner/bin'
[2023-08-08 12:20:31Z INFO HostContext] Well known directory 'Root': '/home/saad/elinux/assignment-1-git-engrsaad/actions-runner'
[2023-08-08 12:20:31Z INFO Listener] Validating directory permissions for: '/home/saad/elinux/assignment-1-git-engrsaad/actions-runner'
[2023-08-08 12:20:31Z INFO CommandLineParser] Parse
[2023-08-08 12:20:31Z INFO CommandLineParser] Parsing 5 args
[2023-08-08 12:20:31Z INFO CommandLineParser] parsing argument
[2023-08-08 12:20:31Z INFO CommandLineParser] HasArgs: False
[2023-08-08 12:20:31Z INFO CommandLineParser] Adding Command: configure
[2023-08-08 12:20:31Z INFO CommandLineParser] parsing argument
[2023-08-08 12:20:31Z INFO CommandLineParser] HasArgs: True
[2023-08-08 12:20:31Z INFO CommandLineParser] arg: url
[2023-08-08 12:20:31Z INFO CommandLineParser] parsing argument
[2023-08-08 12:20:31Z INFO CommandLineParser] HasArgs: True
[2023-08-08 12:20:31Z INFO CommandLineParser] Adding option 'url': 'https://github.com/cu-ecen-aeld/assignment-1-git-engrsaad'
[2023-08-08 12:20:31Z INFO CommandLineParser] parsing argument
[2023-08-08 12:20:31Z INFO CommandLineParser] HasArgs: True
[2023-08-08 12:20:31Z INFO CommandLineParser] arg: token
[2023-08-08 12:20:31Z INFO CommandLineParser] parsing argument
[2023-08-08 12:20:31Z INFO CommandLineParser] HasArgs: True
[2023-08-08 12:20:31Z INFO CommandLineParser] Adding option 'token': '***'
[2023-08-08 12:20:31Z INFO Listener] Arguments parsed
[2023-08-08 12:20:31Z INFO Runner] ExecuteCommand
[2023-08-08 12:20:31Z INFO ConfigurationStore] currentAssemblyLocation: /home/saad/elinux/assignment-1-git-engrsaad/actions-runner/bin/Runner.Listener.dll
[2023-08-08 12:20:31Z INFO HostContext] Well known directory 'Bin': '/home/saad/elinux/assignment-1-git-engrsaad/actions-runner/bin'
[2023-08-08 12:20:31Z INFO ConfigurationStore] binPath: /home/saad/elinux/assignment-1-git-engrsaad/actions-runner/bin
[2023-08-08 12:20:31Z INFO HostContext] Well known directory 'Bin': '/home/saad/elinux/assignment-1-git-engrsaad/actions-runner/bin'
[2023-08-08 12:20:31Z INFO HostContext] Well known directory 'Root': '/home/saad/elinux/assignment-1-git-engrsaad/actions-runner'
[2023-08-08 12:20:31Z INFO ConfigurationStore] RootFolder: /home/saad/elinux/assignment-1-git-engrsaad/actions-runner
[2023-08-08 12:20:31Z INFO HostContext] Well known directory 'Bin': '/home/saad/elinux/assignment-1-git-engrsaad/actions-runner/bin'
[2023-08-08 12:20:31Z INFO HostContext] Well known directory 'Root': '/home/saad/elinux/assignment-1-git-engrsaad/actions-runner'
[2023-08-08 12:20:31Z INFO HostContext] Well known config file 'Runner': '/home/saad/elinux/assignment-1-git-engrsaad/actions-runner/.runner'
[2023-08-08 12:20:31Z INFO ConfigurationStore] ConfigFilePath: /home/saad/elinux/assignment-1-git-engrsaad/actions-runner/.runner
[2023-08-08 12:20:31Z INFO HostContext] Well known directory 'Bin': '/home/saad/elinux/assignment-1-git-engrsaad/actions-runner/bin'
[2023-08-08 12:20:31Z INFO HostContext] Well known directory 'Root': '/home/saad/elinux/assignment-1-git-engrsaad/actions-runner'
[2023-08-08 12:20:31Z INFO HostContext] Well known config file 'Credentials': '/home/saad/elinux/assignment-1-git-engrsaad/actions-runner/.credentials'
[2023-08-08 12:20:31Z INFO ConfigurationStore] CredFilePath: /home/saad/elinux/assignment-1-git-engrsaad/actions-runner/.credentials
[2023-08-08 12:20:31Z INFO HostContext] Well known directory 'Bin': '/home/saad/elinux/assignment-1-git-engrsaad/actions-runner/bin'
[2023-08-08 12:20:31Z INFO HostContext] Well known directory 'Root': '/home/saad/elinux/assignment-1-git-engrsaad/actions-runner'
[2023-08-08 12:20:31Z INFO HostContext] Well known config file 'MigratedCredentials': '/home/saad/elinux/assignment-1-git-engrsaad/actions-runner/.credentials_migrated'
[2023-08-08 12:20:31Z INFO ConfigurationStore] MigratedCredFilePath: /home/saad/elinux/assignment-1-git-engrsaad/actions-runner/.credentials_migrated
[2023-08-08 12:20:31Z INFO HostContext] Well known directory 'Bin': '/home/saad/elinux/assignment-1-git-engrsaad/actions-runner/bin'
[2023-08-08 12:20:31Z INFO HostContext] Well known directory 'Root': '/home/saad/elinux/assignment-1-git-engrsaad/actions-runner'
[2023-08-08 12:20:31Z INFO HostContext] Well known config file 'Service': '/home/saad/elinux/assignment-1-git-engrsaad/actions-runner/.service'
[2023-08-08 12:20:31Z INFO ConfigurationStore] ServiceConfigFilePath: /home/saad/elinux/assignment-1-git-engrsaad/actions-runner/.service
[2023-08-08 12:20:31Z INFO CommandSettings] Flag 'help': 'False'
[2023-08-08 12:20:31Z INFO CommandSettings] Flag 'version': 'False'
[2023-08-08 12:20:31Z INFO CommandSettings] Flag 'commit': 'False'
[2023-08-08 12:20:31Z INFO CommandSettings] Flag 'check': 'False'
[2023-08-08 12:20:31Z INFO CommandSettings] Command 'configure': 'True'
[2023-08-08 12:20:31Z INFO Terminal] WRITE LINE: 
[2023-08-08 12:20:31Z INFO Terminal] WRITE LINE: --------------------------------------------------------------------------------
[2023-08-08 12:20:31Z INFO Terminal] WRITE LINE: |        ____ _ _   _   _       _          _        _   _                      |
[2023-08-08 12:20:31Z INFO Terminal] WRITE LINE: |       / ___(_) |_| | | |_   _| |__      / \   ___| |_(_) ___  _ __  ___      |
[2023-08-08 12:20:31Z INFO Terminal] WRITE LINE: |      | |  _| | __| |_| | | | | '_ \    / _ \ / __| __| |/ _ \| '_ \/ __|     |
[2023-08-08 12:20:31Z INFO Terminal] WRITE LINE: |      | |_| | | |_|  _  | |_| | |_) |  / ___ \ (__| |_| | (_) | | | \__ \     |
[2023-08-08 12:20:31Z INFO Terminal] WRITE LINE: |       \____|_|\__|_| |_|\__,_|_.__/  /_/   \_\___|\__|_|\___/|_| |_|___/     |
[2023-08-08 12:20:31Z INFO Terminal] WRITE LINE: |                                                                              |
[2023-08-08 12:20:31Z INFO Terminal] WRITE: |                       
[2023-08-08 12:20:31Z INFO Terminal] WRITE: Self-hosted runner registration
[2023-08-08 12:20:31Z INFO Terminal] WRITE LINE:                         |
[2023-08-08 12:20:31Z INFO Terminal] WRITE LINE: |                                                                              |
[2023-08-08 12:20:31Z INFO Terminal] WRITE LINE: --------------------------------------------------------------------------------
[2023-08-08 12:20:31Z INFO ConfigurationManager] ConfigureAsync
[2023-08-08 12:20:31Z INFO CommandSettings] Flag 'generateServiceConfig': 'False'
[2023-08-08 12:20:31Z INFO ConfigurationStore] IsConfigured()
[2023-08-08 12:20:31Z INFO ConfigurationStore] IsConfigured: False
[2023-08-08 12:20:31Z INFO ConfigurationManager] Is configured: False
[2023-08-08 12:20:31Z INFO CommandSettings] Arg 'url': 'https://github.com/cu-ecen-aeld/assignment-1-git-engrsaad'
[2023-08-08 12:20:31Z INFO CommandSettings] Remove url from Arg dictionary.
[2023-08-08 12:20:31Z INFO CommandSettings] Arg 'token': '***'
[2023-08-08 12:20:31Z INFO CommandSettings] Remove token from Arg dictionary.
[2023-08-08 12:20:32Z INFO ConfigurationManager] Http response code: OK from 'POST https://api.github.com/actions/runner-registration' (C089:35ABB8:481734:4C8DEB:64D2330F)
[2023-08-08 12:20:33Z INFO ConfigurationManager] Using V2 flow: False
[2023-08-08 12:20:33Z INFO ConfigurationManager] cred retrieved via GitHub auth
[2023-08-08 12:20:33Z INFO RunnerServer] EstablishVssConnection
[2023-08-08 12:20:33Z INFO RunnerServer] Establish connection with 100 seconds timeout.
[2023-08-08 12:20:33Z INFO GitHubActionsService] Starting operation Location.GetConnectionData
[2023-08-08 12:20:33Z INFO RunnerServer] EstablishVssConnection
[2023-08-08 12:20:33Z INFO RunnerServer] Establish connection with 60 seconds timeout.
[2023-08-08 12:20:33Z INFO GitHubActionsService] Starting operation Location.GetConnectionData
[2023-08-08 12:20:33Z INFO RunnerServer] EstablishVssConnection
[2023-08-08 12:20:33Z INFO RunnerServer] Establish connection with 60 seconds timeout.
[2023-08-08 12:20:33Z INFO GitHubActionsService] Starting operation Location.GetConnectionData
[2023-08-08 12:20:35Z INFO GitHubActionsService] Finished operation Location.GetConnectionData
[2023-08-08 12:20:35Z INFO GitHubActionsService] Finished operation Location.GetConnectionData
[2023-08-08 12:20:35Z INFO GitHubActionsService] Finished operation Location.GetConnectionData
[2023-08-08 12:20:36Z INFO Terminal] WRITE LINE: 
[2023-08-08 12:20:36Z INFO ConfigurationManager] Test Connection complete.
[2023-08-08 12:20:36Z INFO HostContext] Well known directory 'Bin': '/home/saad/elinux/assignment-1-git-engrsaad/actions-runner/bin'
[2023-08-08 12:20:36Z INFO HostContext] Well known directory 'Root': '/home/saad/elinux/assignment-1-git-engrsaad/actions-runner'
[2023-08-08 12:20:36Z INFO HostContext] Well known config file 'RSACredentials': '/home/saad/elinux/assignment-1-git-engrsaad/actions-runner/.credentials_rsaparams'
[2023-08-08 12:20:36Z INFO RSAFileKeyManager] Creating new RSA key using 2048-bit key length
[2023-08-08 12:20:36Z INFO RSAFileKeyManager] Successfully saved RSA key parameters to file /home/saad/elinux/assignment-1-git-engrsaad/actions-runner/.credentials_rsaparams
[2023-08-08 12:20:36Z INFO RSAFileKeyManager] Which: 'chmod'
[2023-08-08 12:20:36Z INFO RSAFileKeyManager] Location: '/usr/bin/chmod'
[2023-08-08 12:20:36Z INFO HostContext] Well known directory 'Bin': '/home/saad/elinux/assignment-1-git-engrsaad/actions-runner/bin'
[2023-08-08 12:20:36Z INFO HostContext] Well known directory 'Root': '/home/saad/elinux/assignment-1-git-engrsaad/actions-runner'
[2023-08-08 12:20:36Z INFO ProcessInvokerWrapper] Starting process:
[2023-08-08 12:20:36Z INFO ProcessInvokerWrapper]   File name: '/usr/bin/chmod'
[2023-08-08 12:20:36Z INFO ProcessInvokerWrapper]   Arguments: '600 /home/saad/elinux/assignment-1-git-engrsaad/actions-runner/.credentials_rsaparams'
[2023-08-08 12:20:36Z INFO ProcessInvokerWrapper]   Working directory: '/home/saad/elinux/assignment-1-git-engrsaad/actions-runner'
[2023-08-08 12:20:36Z INFO ProcessInvokerWrapper]   Require exit code zero: 'False'
[2023-08-08 12:20:36Z INFO ProcessInvokerWrapper]   Encoding web name:  ; code page: ''
[2023-08-08 12:20:36Z INFO ProcessInvokerWrapper]   Force kill process on cancellation: 'False'
[2023-08-08 12:20:36Z INFO ProcessInvokerWrapper]   Redirected STDIN: 'False'
[2023-08-08 12:20:36Z INFO ProcessInvokerWrapper]   Persist current code page: 'False'
[2023-08-08 12:20:36Z INFO ProcessInvokerWrapper]   Keep redirected STDIN open: 'False'
[2023-08-08 12:20:36Z INFO ProcessInvokerWrapper]   High priority process: 'False'
[2023-08-08 12:20:36Z INFO ProcessInvokerWrapper] Process started with process id 96015, waiting for process exit.
[2023-08-08 12:20:36Z INFO ProcessInvokerWrapper] STDOUT/STDERR stream read finished.
[2023-08-08 12:20:36Z INFO ProcessInvokerWrapper] STDOUT/STDERR stream read finished.
[2023-08-08 12:20:36Z INFO ProcessInvokerWrapper] Finished process 96015 with exit code 0, and elapsed time 00:00:00.0383633.
[2023-08-08 12:20:36Z INFO RSAFileKeyManager] Successfully set permissions for RSA key parameters file /home/saad/elinux/assignment-1-git-engrsaad/actions-runner/.credentials_rsaparams
[2023-08-08 12:20:37Z INFO CommandSettings] Arg 'runnergroup': ''
[2023-08-08 12:20:37Z INFO CommandSettings] Flag 'unattended': 'False'
[2023-08-08 12:20:37Z INFO PromptManager] ReadValue
[2023-08-08 12:20:37Z INFO Terminal] WRITE: Enter the name of the runner group to add this runner to: 
[2023-08-08 12:20:37Z INFO Terminal] WRITE: [press Enter for Default] 
[2023-08-08 12:20:37Z INFO Terminal] READ LINE
[2023-08-08 12:20:43Z INFO Terminal] Read value: ''
[2023-08-08 12:20:43Z INFO PromptManager] Falling back to the default: 'Default'
[2023-08-08 12:20:43Z INFO Terminal] WRITE LINE: 
[2023-08-08 12:20:43Z INFO ConfigurationManager] Found a self-hosted runner group with id 1 and name Default
[2023-08-08 12:20:43Z INFO CommandSettings] Flag 'disableupdate': 'False'
[2023-08-08 12:20:43Z INFO CommandSettings] Flag 'ephemeral': 'False'
[2023-08-08 12:20:43Z INFO CommandSettings] Arg 'name': ''
[2023-08-08 12:20:43Z INFO CommandSettings] Flag 'unattended': 'False'
[2023-08-08 12:20:43Z INFO PromptManager] ReadValue
[2023-08-08 12:20:43Z INFO Terminal] WRITE: Enter the name of runner: 
[2023-08-08 12:20:43Z INFO Terminal] WRITE: [press Enter for ubuntu] 
[2023-08-08 12:20:43Z INFO Terminal] READ LINE
[2023-08-08 12:20:49Z INFO Terminal] Read value: ''
[2023-08-08 12:20:49Z INFO PromptManager] Falling back to the default: 'ubuntu'
[2023-08-08 12:20:49Z INFO Terminal] WRITE LINE: 
[2023-08-08 12:20:49Z INFO CommandSettings] Arg 'labels': ''
[2023-08-08 12:20:49Z INFO CommandSettings] Flag 'unattended': 'False'
[2023-08-08 12:20:49Z INFO PromptManager] ReadValue
[2023-08-08 12:20:49Z INFO Terminal] WRITE: This runner will have the following labels: 'self-hosted', 'Linux', 'X64' 
Enter any additional labels (ex. label-1,label-2): 
[2023-08-08 12:20:49Z INFO Terminal] WRITE: [press Enter to skip] 
[2023-08-08 12:20:49Z INFO Terminal] READ LINE
[2023-08-08 12:20:57Z INFO Terminal] Read value: ''
[2023-08-08 12:20:57Z INFO Terminal] WRITE LINE: 
[2023-08-08 12:20:57Z INFO CommandSettings] Flag 'disableupdate': 'False'
[2023-08-08 12:20:57Z INFO CommandSettings] Flag 'no-default-labels': 'False'
[2023-08-08 12:20:58Z INFO CommandSettings] Flag 'disableupdate': 'False'
[2023-08-08 12:20:58Z INFO CommandSettings] Flag 'ephemeral': 'False'
[2023-08-08 12:20:58Z INFO ConfigurationStore] Saving OAuth credential @ /home/saad/elinux/assignment-1-git-engrsaad/actions-runner/.credentials
[2023-08-08 12:20:58Z INFO ConfigurationStore] Credentials Saved.
[2023-08-08 12:20:58Z INFO ConfigurationStore] HasCredentials()
[2023-08-08 12:20:58Z INFO ConfigurationStore] stored True
[2023-08-08 12:20:58Z INFO CredentialManager] GetCredentialProvider
[2023-08-08 12:20:58Z INFO CredentialManager] Creating type OAuth
[2023-08-08 12:20:58Z INFO CredentialManager] Creating credential type: OAuth
[2023-08-08 12:20:58Z INFO RSAFileKeyManager] Loading RSA key parameters from file /home/saad/elinux/assignment-1-git-engrsaad/actions-runner/.credentials_rsaparams
[2023-08-08 12:20:58Z INFO RunnerServer] EstablishVssConnection
[2023-08-08 12:20:58Z INFO RunnerServer] Establish connection with 100 seconds timeout.
[2023-08-08 12:20:58Z INFO GitHubActionsService] Starting operation Location.GetConnectionData
[2023-08-08 12:20:58Z INFO RunnerServer] EstablishVssConnection
[2023-08-08 12:20:58Z INFO RunnerServer] Establish connection with 60 seconds timeout.
[2023-08-08 12:20:58Z INFO GitHubActionsService] Starting operation Location.GetConnectionData
[2023-08-08 12:20:58Z INFO RunnerServer] EstablishVssConnection
[2023-08-08 12:20:58Z INFO RunnerServer] Establish connection with 60 seconds timeout.
[2023-08-08 12:20:58Z INFO GitHubActionsService] Starting operation Location.GetConnectionData
[2023-08-08 12:20:59Z INFO GitHubActionsService] Finished operation Location.GetConnectionData
[2023-08-08 12:20:59Z INFO GitHubActionsService] Finished operation Location.GetConnectionData
[2023-08-08 12:21:00Z INFO GitHubActionsService] Finished operation Location.GetConnectionData
[2023-08-08 12:21:00Z INFO RSAFileKeyManager] Loading RSA key parameters from file /home/saad/elinux/assignment-1-git-engrsaad/actions-runner/.credentials_rsaparams
[2023-08-08 12:21:00Z INFO RSAFileKeyManager] Loading RSA key parameters from file /home/saad/elinux/assignment-1-git-engrsaad/actions-runner/.credentials_rsaparams
[2023-08-08 12:21:01Z INFO GitHubActionsService] AAD Correlation ID for this token request: Unknown
[2023-08-08 12:21:02Z INFO CommandSettings] Arg 'work': ''
[2023-08-08 12:21:02Z INFO CommandSettings] Flag 'unattended': 'False'
[2023-08-08 12:21:02Z INFO PromptManager] ReadValue
[2023-08-08 12:21:02Z INFO Terminal] WRITE: Enter name of work folder: 
[2023-08-08 12:21:02Z INFO Terminal] WRITE: [press Enter for _work] 
[2023-08-08 12:21:02Z INFO Terminal] READ LINE
[2023-08-08 12:21:16Z INFO Terminal] Read value: ''
[2023-08-08 12:21:16Z INFO PromptManager] Falling back to the default: '_work'
[2023-08-08 12:21:16Z INFO ConfigurationStore] Saving runner settings.
[2023-08-08 12:21:16Z INFO ConfigurationStore] Settings Saved.
[2023-08-08 12:21:16Z INFO Terminal] WRITE LINE: 
[2023-08-08 12:21:16Z INFO Terminal] WRITE LINE: 
[2023-08-08 12:21:16Z INFO SystemDControlManager] Service name 'actions.runner.cu-ecen-aeld-assignment-1-git-engrsaad.ubuntu.service' display name 'GitHub Actions Runner (cu-ecen-aeld-assignment-1-git-engrsaad.ubuntu)' will be used for service configuration.
[2023-08-08 12:21:16Z INFO HostContext] Well known directory 'Bin': '/home/saad/elinux/assignment-1-git-engrsaad/actions-runner/bin'
[2023-08-08 12:21:16Z INFO HostContext] Well known directory 'Root': '/home/saad/elinux/assignment-1-git-engrsaad/actions-runner'
[2023-08-08 12:21:16Z INFO HostContext] Well known directory 'Bin': '/home/saad/elinux/assignment-1-git-engrsaad/actions-runner/bin'
[2023-08-08 12:21:16Z INFO HostContext] Well known directory 'Bin': '/home/saad/elinux/assignment-1-git-engrsaad/actions-runner/bin'
[2023-08-08 12:21:16Z INFO HostContext] Well known directory 'Root': '/home/saad/elinux/assignment-1-git-engrsaad/actions-runner'
[2023-08-08 12:21:16Z INFO UnixUtil] Which: 'chmod'
[2023-08-08 12:21:16Z INFO UnixUtil] Location: '/usr/bin/chmod'
[2023-08-08 12:21:16Z INFO UnixUtil] Running /usr/bin/chmod 755 "/home/saad/elinux/assignment-1-git-engrsaad/actions-runner/svc.sh"
[2023-08-08 12:21:16Z INFO ProcessInvokerWrapper] Starting process:
[2023-08-08 12:21:16Z INFO ProcessInvokerWrapper]   File name: '/usr/bin/chmod'
[2023-08-08 12:21:16Z INFO ProcessInvokerWrapper]   Arguments: '755 "/home/saad/elinux/assignment-1-git-engrsaad/actions-runner/svc.sh"'
[2023-08-08 12:21:16Z INFO ProcessInvokerWrapper]   Working directory: '/home/saad/elinux/assignment-1-git-engrsaad/actions-runner'
[2023-08-08 12:21:16Z INFO ProcessInvokerWrapper]   Require exit code zero: 'True'
[2023-08-08 12:21:16Z INFO ProcessInvokerWrapper]   Encoding web name:  ; code page: ''
[2023-08-08 12:21:16Z INFO ProcessInvokerWrapper]   Force kill process on cancellation: 'False'
[2023-08-08 12:21:16Z INFO ProcessInvokerWrapper]   Redirected STDIN: 'False'
[2023-08-08 12:21:16Z INFO ProcessInvokerWrapper]   Persist current code page: 'False'
[2023-08-08 12:21:16Z INFO ProcessInvokerWrapper]   Keep redirected STDIN open: 'False'
[2023-08-08 12:21:16Z INFO ProcessInvokerWrapper]   High priority process: 'False'
[2023-08-08 12:21:16Z INFO ProcessInvokerWrapper] Updated oom_score_adj to 500 for PID: 96025.
[2023-08-08 12:21:16Z INFO ProcessInvokerWrapper] Process started with process id 96025, waiting for process exit.
[2023-08-08 12:21:16Z INFO ProcessInvokerWrapper] STDOUT/STDERR stream read finished.
[2023-08-08 12:21:16Z INFO ProcessInvokerWrapper] STDOUT/STDERR stream read finished.
[2023-08-08 12:21:16Z INFO ProcessInvokerWrapper] Finished process 96025 with exit code 0, and elapsed time 00:00:00.0034837.
[2023-08-08 12:21:16Z INFO Listener] Runner execution has finished with return code 0
